# JRE version: Java(TM) SE Runtime Environment (8.0_65-b17) (build 1.8.0_65-b17)
# Java VM: Java HotSpot(TM) 64-Bit Server VM (25.65-b01 mixed mode windows-amd64 compressed oops)
Heap:
 PSYoungGen      total 452608K, used 82922K [0x00000000d5580000, 0x00000000ff300000, 0x0000000100000000)
  eden space 232960K, 0% used [0x00000000d5580000,0x00000000d5580000,0x00000000e3900000)
  from space 219648K, 37% used [0x00000000f1c80000,0x00000000f6d7a948,0x00000000ff300000)
  to   space 226304K, 0% used [0x00000000e3900000,0x00000000e3900000,0x00000000f1600000)
 ParOldGen       total 774656K, used 728010K [0x0000000080000000, 0x00000000af480000, 0x00000000d5580000)
  object space 774656K, 93% used [0x0000000080000000,0x00000000ac6f2990,0x00000000af480000)
 Metaspace       used 33854K, capacity 34638K, committed 34944K, reserved 1079296K
  class space    used 3998K, capacity 4148K, committed 4224K, reserved 1048576K
GC Heap History (10 events):
Event: 45.696 GC heap after
Heap after GC invocations=29 (full 5):
 PSYoungGen      total 452608K, used 173546K [0x00000000d5580000, 0x0000000100000000, 0x0000000100000000)
  eden space 279040K, 0% used [0x00000000d5580000,0x00000000d5580000,0x00000000e6600000)
  from space 173568K, 99% used [0x00000000f5680000,0x00000000ffffab38,0x0000000100000000)
  to   space 209920K, 0% used [0x00000000e6600000,0x00000000e6600000,0x00000000f3300000)
 ParOldGen       total 774656K, used 525854K [0x0000000080000000, 0x00000000af480000, 0x00000000d5580000)
  object space 774656K, 67% used [0x0000000080000000,0x00000000a0187868,0x00000000af480000)
 Metaspace       used 33174K, capacity 33602K, committed 33792K, reserved 1079296K
  class space    used 3908K, capacity 3986K, committed 4096K, reserved 1048576K
}
Event: 47.015 GC heap before
{Heap before GC invocations=30 (full 5):
 PSYoungGen      total 452608K, used 452586K [0x00000000d5580000, 0x0000000100000000, 0x0000000100000000)
  eden space 279040K, 100% used [0x00000000d5580000,0x00000000e6600000,0x00000000e6600000)
  from space 173568K, 99% used [0x00000000f5680000,0x00000000ffffab38,0x0000000100000000)
  to   space 209920K, 0% used [0x00000000e6600000,0x00000000e6600000,0x00000000f3300000)
 ParOldGen       total 774656K, used 525854K [0x0000000080000000, 0x00000000af480000, 0x00000000d5580000)
  object space 774656K, 67% used [0x0000000080000000,0x00000000a0187868,0x00000000af480000)
 Metaspace       used 33257K, capacity 33692K, committed 33792K, reserved 1079296K
  class space    used 3916K, capacity 4001K, committed 4096K, reserved 1048576K
Event: 47.554 GC heap after
Heap after GC invocations=30 (full 5):
 PSYoungGen      total 429568K, used 150084K [0x00000000d5580000, 0x0000000100000000, 0x0000000100000000)
  eden space 279040K, 0% used [0x00000000d5580000,0x00000000d5580000,0x00000000e6600000)
  from space 150528K, 99% used [0x00000000e6600000,0x00000000ef8912b8,0x00000000ef900000)
  to   space 222208K, 0% used [0x00000000f2700000,0x00000000f2700000,0x0000000100000000)
 ParOldGen       total 774656K, used 579179K [0x0000000080000000, 0x00000000af480000, 0x00000000d5580000)
  object space 774656K, 74% used [0x0000000080000000,0x00000000a359ac00,0x00000000af480000)
 Metaspace       used 33257K, capacity 33692K, committed 33792K, reserved 1079296K
  class space    used 3916K, capacity 4001K, committed 4096K, reserved 1048576K
}
Event: 48.607 GC heap before
{Heap before GC invocations=31 (full 5):
 PSYoungGen      total 429568K, used 429124K [0x00000000d5580000, 0x0000000100000000, 0x0000000100000000)
  eden space 279040K, 100% used [0x00000000d5580000,0x00000000e6600000,0x00000000e6600000)
  from space 150528K, 99% used [0x00000000e6600000,0x00000000ef8912b8,0x00000000ef900000)
  to   space 222208K, 0% used [0x00000000f2700000,0x00000000f2700000,0x0000000100000000)
 ParOldGen       total 774656K, used 579179K [0x0000000080000000, 0x00000000af480000, 0x00000000d5580000)
  object space 774656K, 74% used [0x0000000080000000,0x00000000a359ac00,0x00000000af480000)
 Metaspace       used 33806K, capacity 34562K, committed 34688K, reserved 1079296K
  class space    used 3997K, capacity 4146K, committed 4224K, reserved 1048576K
Event: 48.842 GC heap after
Heap after GC invocations=31 (full 5):
 PSYoungGen      total 455168K, used 180852K [0x00000000d5580000, 0x0000000100000000, 0x0000000100000000)
  eden space 232960K, 0% used [0x00000000d5580000,0x00000000d5580000,0x00000000e3900000)
  from space 222208K, 81% used [0x00000000f2700000,0x00000000fd79d328,0x0000000100000000)
  to   space 232960K, 0% used [0x00000000e3900000,0x00000000e3900000,0x00000000f1c80000)
 ParOldGen       total 774656K, used 579187K [0x0000000080000000, 0x00000000af480000, 0x00000000d5580000)
  object space 774656K, 74% used [0x0000000080000000,0x00000000a359cc00,0x00000000af480000)
 Metaspace       used 33806K, capacity 34562K, committed 34688K, reserved 1079296K
  class space    used 3997K, capacity 4146K, committed 4224K, reserved 1048576K
}
Event: 49.829 GC heap before
{Heap before GC invocations=32 (full 5):
 PSYoungGen      total 455168K, used 413812K [0x00000000d5580000, 0x0000000100000000, 0x0000000100000000)
  eden space 232960K, 100% used [0x00000000d5580000,0x00000000e3900000,0x00000000e3900000)
  from space 222208K, 81% used [0x00000000f2700000,0x00000000fd79d328,0x0000000100000000)
  to   space 232960K, 0% used [0x00000000e3900000,0x00000000e3900000,0x00000000f1c80000)
 ParOldGen       total 774656K, used 579187K [0x0000000080000000, 0x00000000af480000, 0x00000000d5580000)
  object space 774656K, 74% used [0x0000000080000000,0x00000000a359cc00,0x00000000af480000)
 Metaspace       used 33854K, capacity 34638K, committed 34944K, reserved 1079296K
  class space    used 3998K, capacity 4148K, committed 4224K, reserved 1048576K
Event: 50.171 GC heap after
Heap after GC invocations=32 (full 5):
 PSYoungGen      total 465920K, used 123009K [0x00000000d5580000, 0x0000000100000000, 0x0000000100000000)
  eden space 232960K, 0% used [0x00000000d5580000,0x00000000d5580000,0x00000000e3900000)
  from space 232960K, 52% used [0x00000000e3900000,0x00000000eb120460,0x00000000f1c80000)
  to   space 232960K, 0% used [0x00000000f1c80000,0x00000000f1c80000,0x0000000100000000)
 ParOldGen       total 774656K, used 663833K [0x0000000080000000, 0x00000000af480000, 0x00000000d5580000)
  object space 774656K, 85% used [0x0000000080000000,0x00000000a88465b0,0x00000000af480000)
 Metaspace       used 33854K, capacity 34638K, committed 34944K, reserved 1079296K
  class space    used 3998K, capacity 4148K, committed 4224K, reserved 1048576K
}
Event: 50.598 GC heap before
{Heap before GC invocations=33 (full 5):
 PSYoungGen      total 465920K, used 355969K [0x00000000d5580000, 0x0000000100000000, 0x0000000100000000)
  eden space 232960K, 100% used [0x00000000d5580000,0x00000000e3900000,0x00000000e3900000)
  from space 232960K, 52% used [0x00000000e3900000,0x00000000eb120460,0x00000000f1c80000)
  to   space 232960K, 0% used [0x00000000f1c80000,0x00000000f1c80000,0x0000000100000000)
 ParOldGen       total 774656K, used 663833K [0x0000000080000000, 0x00000000af480000, 0x00000000d5580000)
  object space 774656K, 85% used [0x0000000080000000,0x00000000a88465b0,0x00000000af480000)
 Metaspace       used 33854K, capacity 34638K, committed 34944K, reserved 1079296K
  class space    used 3998K, capacity 4148K, committed 4224K, reserved 1048576K
Event: 50.847 GC heap after
Heap after GC invocations=33 (full 5):
 PSYoungGen      total 452608K, used 82922K [0x00000000d5580000, 0x00000000ff300000, 0x0000000100000000)
  eden space 232960K, 0% used [0x00000000d5580000,0x00000000d5580000,0x00000000e3900000)
  from space 219648K, 37% used [0x00000000f1c80000,0x00000000f6d7a948,0x00000000ff300000)
  to   space 226304K, 0% used [0x00000000e3900000,0x00000000e3900000,0x00000000f1600000)
 ParOldGen       total 774656K, used 728010K [0x0000000080000000, 0x00000000af480000, 0x00000000d5580000)
  object space 774656K, 93% used [0x0000000080000000,0x00000000ac6f2990,0x00000000af480000)
 Metaspace       used 33854K, capacity 34638K, committed 34944K, reserved 1079296K
  class space    used 3998K, capacity 4148K, committed 4224K, reserved 1048576K
}
Event: 50.847 GC heap before
{Heap before GC invocations=34 (full 6):
 PSYoungGen      total 452608K, used 82922K [0x00000000d5580000, 0x00000000ff300000, 0x0000000100000000)
  eden space 232960K, 0% used [0x00000000d5580000,0x00000000d5580000,0x00000000e3900000)
  from space 219648K, 37% used [0x00000000f1c80000,0x00000000f6d7a948,0x00000000ff300000)
  to   space 226304K, 0% used [0x00000000e3900000,0x00000000e3900000,0x00000000f1600000)
 ParOldGen       total 774656K, used 728010K [0x0000000080000000, 0x00000000af480000, 0x00000000d5580000)
  object space 774656K, 93% used [0x0000000080000000,0x00000000ac6f2990,0x00000000af480000)
 Metaspace       used 33854K, capacity 34638K, committed 34944K, reserved 1079296K
  class space    used 3998K, capacity 4148K, committed 4224K, reserved 1048576K

