# JRE version: Java(TM) SE Runtime Environment (8.0_65-b17) (build 1.8.0_65-b17)
# Java VM: Java HotSpot(TM) 64-Bit Server VM (25.65-b01 mixed mode windows-amd64 compressed oops)
Heap:
 PSYoungGen      total 617472K, used 50539K [0x00000000d5580000, 0x0000000100000000, 0x0000000100000000)
  eden space 542208K, 0% used [0x00000000d5580000,0x00000000d5580000,0x00000000f6700000)
  from space 75264K, 67% used [0x00000000fb680000,0x00000000fe7dac50,0x0000000100000000)
  to   space 78336K, 0% used [0x00000000f6700000,0x00000000f6700000,0x00000000fb380000)
 ParOldGen       total 282112K, used 252960K [0x0000000080000000, 0x0000000091380000, 0x00000000d5580000)
  object space 282112K, 89% used [0x0000000080000000,0x000000008f7080e0,0x0000000091380000)
 Metaspace       used 32521K, capacity 32888K, committed 33152K, reserved 1079296K
  class space    used 3864K, capacity 3963K, committed 3968K, reserved 1048576K
GC Heap History (10 events):
Event: 10.674 GC heap after
Heap after GC invocations=15 (full 2):
 PSYoungGen      total 403456K, used 40274K [0x00000000d5580000, 0x00000000f8580000, 0x0000000100000000)
  eden space 359936K, 0% used [0x00000000d5580000,0x00000000d5580000,0x00000000eb500000)
  from space 43520K, 92% used [0x00000000eb500000,0x00000000edc54bb8,0x00000000edf80000)
  to   space 49152K, 0% used [0x00000000f5580000,0x00000000f5580000,0x00000000f8580000)
 ParOldGen       total 152064K, used 128528K [0x0000000080000000, 0x0000000089480000, 0x00000000d5580000)
  object space 152064K, 84% used [0x0000000080000000,0x0000000087d841d8,0x0000000089480000)
 Metaspace       used 30890K, capacity 31248K, committed 31488K, reserved 1077248K
  class space    used 3698K, capacity 3791K, committed 3840K, reserved 1048576K
}
Event: 10.674 GC heap before
{Heap before GC invocations=16 (full 3):
 PSYoungGen      total 403456K, used 40274K [0x00000000d5580000, 0x00000000f8580000, 0x0000000100000000)
  eden space 359936K, 0% used [0x00000000d5580000,0x00000000d5580000,0x00000000eb500000)
  from space 43520K, 92% used [0x00000000eb500000,0x00000000edc54bb8,0x00000000edf80000)
  to   space 49152K, 0% used [0x00000000f5580000,0x00000000f5580000,0x00000000f8580000)
 ParOldGen       total 152064K, used 128528K [0x0000000080000000, 0x0000000089480000, 0x00000000d5580000)
  object space 152064K, 84% used [0x0000000080000000,0x0000000087d841d8,0x0000000089480000)
 Metaspace       used 30890K, capacity 31248K, committed 31488K, reserved 1077248K
  class space    used 3698K, capacity 3791K, committed 3840K, reserved 1048576K
Event: 11.264 GC heap after
Heap after GC invocations=16 (full 3):
 PSYoungGen      total 403456K, used 13008K [0x00000000d5580000, 0x00000000f8580000, 0x0000000100000000)
  eden space 359936K, 0% used [0x00000000d5580000,0x00000000d5580000,0x00000000eb500000)
  from space 43520K, 29% used [0x00000000eb500000,0x00000000ec1b4110,0x00000000edf80000)
  to   space 49152K, 0% used [0x00000000f5580000,0x00000000f5580000,0x00000000f8580000)
 ParOldGen       total 282112K, used 152009K [0x0000000080000000, 0x0000000091380000, 0x00000000d5580000)
  object space 282112K, 53% used [0x0000000080000000,0x0000000089472570,0x0000000091380000)
 Metaspace       used 30890K, capacity 31248K, committed 31488K, reserved 1077248K
  class space    used 3698K, capacity 3791K, committed 3840K, reserved 1048576K
}
Event: 12.184 GC heap before
{Heap before GC invocations=17 (full 3):
 PSYoungGen      total 403456K, used 372944K [0x00000000d5580000, 0x00000000f8580000, 0x0000000100000000)
  eden space 359936K, 100% used [0x00000000d5580000,0x00000000eb500000,0x00000000eb500000)
  from space 43520K, 29% used [0x00000000eb500000,0x00000000ec1b4110,0x00000000edf80000)
  to   space 49152K, 0% used [0x00000000f5580000,0x00000000f5580000,0x00000000f8580000)
 ParOldGen       total 282112K, used 152009K [0x0000000080000000, 0x0000000091380000, 0x00000000d5580000)
  object space 282112K, 53% used [0x0000000080000000,0x0000000089472570,0x0000000091380000)
 Metaspace       used 31024K, capacity 31382K, committed 31744K, reserved 1077248K
  class space    used 3703K, capacity 3792K, committed 3840K, reserved 1048576K
Event: 12.283 GC heap after
Heap after GC invocations=17 (full 3):
 PSYoungGen      total 486400K, used 40530K [0x00000000d5580000, 0x00000000f7d80000, 0x0000000100000000)
  eden space 445440K, 0% used [0x00000000d5580000,0x00000000d5580000,0x00000000f0880000)
  from space 40960K, 98% used [0x00000000f5580000,0x00000000f7d14ba8,0x00000000f7d80000)
  to   space 53760K, 0% used [0x00000000f1480000,0x00000000f1480000,0x00000000f4900000)
 ParOldGen       total 282112K, used 164995K [0x0000000080000000, 0x0000000091380000, 0x00000000d5580000)
  object space 282112K, 58% used [0x0000000080000000,0x000000008a120f58,0x0000000091380000)
 Metaspace       used 31024K, capacity 31382K, committed 31744K, reserved 1077248K
  class space    used 3703K, capacity 3792K, committed 3840K, reserved 1048576K
}
Event: 13.521 GC heap before
{Heap before GC invocations=18 (full 3):
 PSYoungGen      total 486400K, used 485970K [0x00000000d5580000, 0x00000000f7d80000, 0x0000000100000000)
  eden space 445440K, 100% used [0x00000000d5580000,0x00000000f0880000,0x00000000f0880000)
  from space 40960K, 98% used [0x00000000f5580000,0x00000000f7d14ba8,0x00000000f7d80000)
  to   space 53760K, 0% used [0x00000000f1480000,0x00000000f1480000,0x00000000f4900000)
 ParOldGen       total 282112K, used 164995K [0x0000000080000000, 0x0000000091380000, 0x00000000d5580000)
  object space 282112K, 58% used [0x0000000080000000,0x000000008a120f58,0x0000000091380000)
 Metaspace       used 32454K, capacity 32870K, committed 33152K, reserved 1079296K
  class space    used 3862K, capacity 3960K, committed 3968K, reserved 1048576K
Event: 13.623 GC heap after
Heap after GC invocations=18 (full 3):
 PSYoungGen      total 511488K, used 53740K [0x00000000d5580000, 0x0000000100000000, 0x0000000100000000)
  eden space 457728K, 0% used [0x00000000d5580000,0x00000000d5580000,0x00000000f1480000)
  from space 53760K, 99% used [0x00000000f1480000,0x00000000f48fb240,0x00000000f4900000)
  to   space 75264K, 0% used [0x00000000fb680000,0x00000000fb680000,0x0000000100000000)
 ParOldGen       total 282112K, used 199120K [0x0000000080000000, 0x0000000091380000, 0x00000000d5580000)
  object space 282112K, 70% used [0x0000000080000000,0x000000008c274028,0x0000000091380000)
 Metaspace       used 32454K, capacity 32870K, committed 33152K, reserved 1079296K
  class space    used 3862K, capacity 3960K, committed 3968K, reserved 1048576K
}
Event: 14.650 GC heap before
{Heap before GC invocations=19 (full 3):
 PSYoungGen      total 511488K, used 511468K [0x00000000d5580000, 0x0000000100000000, 0x0000000100000000)
  eden space 457728K, 100% used [0x00000000d5580000,0x00000000f1480000,0x00000000f1480000)
  from space 53760K, 99% used [0x00000000f1480000,0x00000000f48fb240,0x00000000f4900000)
  to   space 75264K, 0% used [0x00000000fb680000,0x00000000fb680000,0x0000000100000000)
 ParOldGen       total 282112K, used 199120K [0x0000000080000000, 0x0000000091380000, 0x00000000d5580000)
  object space 282112K, 70% used [0x0000000080000000,0x000000008c274028,0x0000000091380000)
 Metaspace       used 32521K, capacity 32888K, committed 33152K, reserved 1079296K
  class space    used 3864K, capacity 3963K, committed 3968K, reserved 1048576K
Event: 14.763 GC heap after
Heap after GC invocations=19 (full 3):
 PSYoungGen      total 617472K, used 50539K [0x00000000d5580000, 0x0000000100000000, 0x0000000100000000)
  eden space 542208K, 0% used [0x00000000d5580000,0x00000000d5580000,0x00000000f6700000)
  from space 75264K, 67% used [0x00000000fb680000,0x00000000fe7dac50,0x0000000100000000)
  to   space 78336K, 0% used [0x00000000f6700000,0x00000000f6700000,0x00000000fb380000)
 ParOldGen       total 282112K, used 252960K [0x0000000080000000, 0x0000000091380000, 0x00000000d5580000)
  object space 282112K, 89% used [0x0000000080000000,0x000000008f7080e0,0x0000000091380000)
 Metaspace       used 32521K, capacity 32888K, committed 33152K, reserved 1079296K
  class space    used 3864K, capacity 3963K, committed 3968K, reserved 1048576K
}
Event: 14.763 GC heap before
{Heap before GC invocations=20 (full 4):
 PSYoungGen      total 617472K, used 50539K [0x00000000d5580000, 0x0000000100000000, 0x0000000100000000)
  eden space 542208K, 0% used [0x00000000d5580000,0x00000000d5580000,0x00000000f6700000)
  from space 75264K, 67% used [0x00000000fb680000,0x00000000fe7dac50,0x0000000100000000)
  to   space 78336K, 0% used [0x00000000f6700000,0x00000000f6700000,0x00000000fb380000)
 ParOldGen       total 282112K, used 252960K [0x0000000080000000, 0x0000000091380000, 0x00000000d5580000)
  object space 282112K, 89% used [0x0000000080000000,0x000000008f7080e0,0x0000000091380000)
 Metaspace       used 32521K, capacity 32888K, committed 33152K, reserved 1079296K
  class space    used 3864K, capacity 3963K, committed 3968K, reserved 1048576K

